
============================================================
  Trading Bot  |  2026-04-09 13:30:01
============================================================
  Equity: $   50,000.00  |  Trade size (2%): $1,000.00
  Existing positions/orders: 0 symbols
  Active patterns (valid prices): 59


  New trades: 0  |  Skipped (already traded): 59  |  Skipped (symbol exists): 0  |  Errors: 0
============================================================


============================================================
  Trading Bot  |  2026-04-15 13:30:03
============================================================
  Equity: $  102,681.44  |  Trade size (2%): $2,053.63
  Existing positions/orders: 64 symbols
  Active patterns (valid prices): 64

  SKIP  PSTV      now has a position/order (refreshed)
  SKIP  WMG       now has a position/order (refreshed)
  SKIP  CRWV      now has a position/order (refreshed)
  SKIP  BKTI      now has a position/order (refreshed)
  SKIP  GRABW     now has a position/order (refreshed)
  SKIP  COIN      now has a position/order (refreshed)
  SKIP  BTX       now has a position/order (refreshed)
  SKIP  CGABL     now has a position/order (refreshed)
  SKIP  OPP       now has a position/order (refreshed)
  SKIP  OSPN      now has a position/order (refreshed)
  SKIP  PEJ       now has a position/order (refreshed)
  SKIP  VSTL      now has a position/order (refreshed)
  SKIP  BWXT      now has a position/order (refreshed)
  SKIP  ACIC      now has a position/order (refreshed)
  SKIP  SKM       now has a position/order (refreshed)
  SKIP  MGRX      now has a position/order (refreshed)
  SKIP  IDAI      now has a position/order (refreshed)
  SKIP  GPRO      now has a position/order (refreshed)
  SKIP  AJG       now has a position/order (refreshed)
  SKIP  PDD       now has a position/order (refreshed)
  SKIP  BLMN      now has a position/order (refreshed)
  SKIP  CRCT      now has a position/order (refreshed)
  SKIP  TETH      now has a position/order (refreshed)
  SKIP  SQNS      now has a position/order (refreshed)
  SKIP  HAYW      now has a position/order (refreshed)
  SKIP  TEM       now has a position/order (refreshed)
  SKIP  CNR       now has a position/order (refreshed)
  SKIP  DMRC      now has a position/order (refreshed)
  SKIP  FWONK     now has a position/order (refreshed)
  SKIP  RM        now has a position/order (refreshed)
  SKIP  GOTU      now has a position/order (refreshed)
  SKIP  HSDT      now has a position/order (refreshed)
  SKIP  NNE       now has a position/order (refreshed)
  SKIP  GRRR      now has a position/order (refreshed)
  SKIP  SSTK      now has a position/order (refreshed)
  SKIP  VERX      now has a position/order (refreshed)
  SKIP  NTRB      now has a position/order (refreshed)
  SKIP  QMCO      now has a position/order (refreshed)
  SKIP  HFFG      now has a position/order (refreshed)
  SKIP  HTZ       now has a position/order (refreshed)
  SKIP  FMNB      now has a position/order (refreshed)
  SKIP  CBL       now has a position/order (refreshed)
  SKIP  BEP       now has a position/order (refreshed)
  SKIP  DOC       now has a position/order (refreshed)
  SKIP  EQT       now has a position/order (refreshed)
  SKIP  ZBH       now has a position/order (refreshed)
  SKIP  RBLX      now has a position/order (refreshed)
  SKIP  KR        now has a position/order (refreshed)
  SKIP  T         now has a position/order (refreshed)
  SKIP  ED        now has a position/order (refreshed)
  SKIP  PHM       now has a position/order (refreshed)
  SKIP  HPE       now has a position/order (refreshed)
  SKIP  ACOG      now has a position/order (refreshed)
  SKIP  ABCL      now has a position/order (refreshed)
  SKIP  BMI       now has a position/order (refreshed)
  SKIP  OXM       now has a position/order (refreshed)
  SKIP  TAK       now has a position/order (refreshed)
  SKIP  NMI       now has a position/order (refreshed)
  SKIP  KSA       now has a position/order (refreshed)
  SKIP  JLL       now has a position/order (refreshed)
  SKIP  MVIS      now has a position/order (refreshed)
  SKIP  PDLB      now has a position/order (refreshed)
  SKIP  NEGG      now has a position/order (refreshed)
  SKIP  CLPR      now has a position/order (refreshed)

  New trades: 0  |  Skipped (already traded): 0  |  Skipped (symbol exists): 64  |  Errors: 0
============================================================

