2026-04-09 12:13:54,986 [INFO] ============================================================
2026-04-09 12:13:54,986 [INFO] Copy Bot run started: 2026-04-09T12:13:54.986868
2026-04-09 12:13:54,986 [INFO] Copying: Ro Khanna (K000389)
2026-04-09 12:13:54,986 [INFO] DRY RUN — no real orders will be placed
2026-04-09 12:13:55,317 [INFO] Market is currently closed — trades will queue for next open
2026-04-09 12:13:55,648 [INFO] Portfolio: $50,000.00  |  Buying power: $100,000.00
2026-04-09 12:13:55,834 [INFO] Fetched 20 trades for politician K000389
2026-04-09 12:13:55,836 [INFO] Total recent trades: 20 | New (unexecuted): 20
2026-04-09 12:13:55,836 [INFO] Market closed — queuing BUY JPM $1000
2026-04-09 12:13:55,836 [WARNING] Skipping trade with no ticker: {'id': '20003795788', 'ticker': '', 'raw_ticker': '8376923Z:LN', 'issuer_name': 'Barclays Bank PLC', 'tx_type': 'buy', 'tx_date': '2026-02-03', 'pub_date': '2026-03-12', 'value': 175000, 'asset_type': 'stock', 'option_type': ''}
2026-04-09 12:13:55,836 [INFO] Market closed — queuing BUY RY $1000
2026-04-09 12:13:55,836 [INFO] Market closed — queuing BUY CM $1000
2026-04-09 12:13:55,836 [INFO] Market closed — queuing BUY URI $1000
2026-04-09 12:13:55,836 [INFO] Market closed — queuing BUY ETN $1000
2026-04-09 12:13:55,836 [WARNING] Skipping trade with no ticker: {'id': '20003795793', 'ticker': '', 'raw_ticker': '', 'issuer_name': 'BOFA FINANCE LLC', 'tx_type': 'buy', 'tx_date': '2026-02-26', 'pub_date': '2026-03-12', 'value': 8000, 'asset_type': 'stock', 'option_type': ''}
2026-04-09 12:13:55,836 [INFO] Market closed — queuing BUY MET $1000
2026-04-09 12:13:55,836 [INFO] Market closed — queuing BUY KO $1000
2026-04-09 12:13:55,836 [INFO] Market closed — queuing BUY ALLY $1000
2026-04-09 12:13:55,836 [INFO] Market closed — queuing BUY ES $1000
2026-04-09 12:13:55,837 [INFO] Market closed — queuing BUY JNJ $1000
2026-04-09 12:13:55,837 [INFO] Market closed — queuing BUY ODFL $1000
2026-04-09 12:13:55,837 [INFO] [DRY] SELL all GEVO (filed 2026-03-12)
2026-04-09 12:13:55,837 [INFO] [DRY] SELL all ROK (filed 2026-03-12)
2026-04-09 12:13:55,837 [WARNING] Skipping trade with no ticker: {'id': '20003795802', 'ticker': '', 'raw_ticker': '', 'issuer_name': 'GENIUS SPORTS LTD', 'tx_type': 'buy', 'tx_date': '2026-02-05', 'pub_date': '2026-03-12', 'value': 8000, 'asset_type': 'stock', 'option_type': ''}
2026-04-09 12:13:55,837 [WARNING] Skipping trade with no ticker: {'id': '20003795803', 'ticker': '', 'raw_ticker': '', 'issuer_name': 'GENIUS SPORTS LTD', 'tx_type': 'buy', 'tx_date': '2026-02-06', 'pub_date': '2026-03-12', 'value': 8000, 'asset_type': 'stock', 'option_type': ''}
2026-04-09 12:13:55,837 [INFO] Market closed — queuing BUY ACI $1000
2026-04-09 12:13:55,837 [WARNING] Skipping trade with no ticker: {'id': '20003795805', 'ticker': '', 'raw_ticker': '', 'issuer_name': 'MAPLEBEAR INC', 'tx_type': 'buy', 'tx_date': '2026-02-13', 'pub_date': '2026-03-12', 'value': 8000, 'asset_type': 'stock', 'option_type': ''}
2026-04-09 12:13:55,837 [INFO] Market closed — queuing BUY TENB $1000
2026-04-09 12:13:55,838 [INFO] Run complete. Processed 2 new trade(s). Total tracked: 7
2026-04-09 12:14:58,829 [INFO] ============================================================
2026-04-09 12:14:58,829 [INFO] Copy Bot run started: 2026-04-09T12:14:58.829686
2026-04-09 12:14:58,829 [INFO] Copying: Ro Khanna (K000389)
2026-04-09 12:14:59,193 [INFO] Market is currently closed — trades will queue for next open
2026-04-09 12:14:59,522 [INFO] Portfolio: $50,000.00  |  Buying power: $100,000.00
2026-04-09 12:14:59,611 [INFO] Fetched 20 trades for politician K000389
2026-04-09 12:14:59,612 [INFO] Total recent trades: 20 | New (unexecuted): 13
2026-04-09 12:14:59,613 [INFO] Market closed — queuing BUY JPM $1000
2026-04-09 12:14:59,613 [INFO] Market closed — queuing BUY RY $1000
2026-04-09 12:14:59,613 [INFO] Market closed — queuing BUY CM $1000
2026-04-09 12:14:59,613 [INFO] Market closed — queuing BUY URI $1000
2026-04-09 12:14:59,613 [INFO] Market closed — queuing BUY ETN $1000
2026-04-09 12:14:59,613 [INFO] Market closed — queuing BUY MET $1000
2026-04-09 12:14:59,613 [INFO] Market closed — queuing BUY KO $1000
2026-04-09 12:14:59,613 [INFO] Market closed — queuing BUY ALLY $1000
2026-04-09 12:14:59,613 [INFO] Market closed — queuing BUY ES $1000
2026-04-09 12:14:59,613 [INFO] Market closed — queuing BUY JNJ $1000
2026-04-09 12:14:59,613 [INFO] Market closed — queuing BUY ODFL $1000
2026-04-09 12:14:59,613 [INFO] Market closed — queuing BUY ACI $1000
2026-04-09 12:14:59,613 [INFO] Market closed — queuing BUY TENB $1000
2026-04-09 12:14:59,614 [INFO] Run complete. Processed 0 new trade(s). Total tracked: 7
2026-04-09 14:07:01,325 [INFO] ============================================================
2026-04-09 14:07:01,325 [INFO] ============================================================
2026-04-09 14:07:01,326 [INFO] Copy Bot run started: 2026-04-09T14:07:01.326199
2026-04-09 14:07:01,326 [INFO] Copy Bot run started: 2026-04-09T14:07:01.326199
2026-04-09 14:07:01,326 [INFO] Copying: Ro Khanna (K000389)
2026-04-09 14:07:01,326 [INFO] Copying: Ro Khanna (K000389)
Traceback (most recent call last):
  File "/Users/johngiles/projects/claudetrade/copybot/bot.py", line 205, in <module>
    run(dry_run=dry)
    ~~~^^^^^^^^^^^^^
  File "/Users/johngiles/projects/claudetrade/copybot/bot.py", line 69, in run
    market_open = is_market_open()
  File "/Users/johngiles/projects/claudetrade/copybot/alpaca_trader.py", line 47, in is_market_open
    data = _get("/clock")
  File "/Users/johngiles/projects/claudetrade/copybot/alpaca_trader.py", line 22, in _get
    resp.raise_for_status()
    ~~~~~~~~~~~~~~~~~~~~~^^
  File "/Users/johngiles/projects/claudetrade/copybot/venv/lib/python3.14/site-packages/requests/models.py", line 1028, in raise_for_status
    raise HTTPError(http_error_msg, response=self)
requests.exceptions.HTTPError: 401 Client Error: Unauthorized for url: https://paper-api.alpaca.markets/v2/clock
